<?xml version="1.0" encoding="UTF-8" ?>
<testsuite failures="0" time="0.613" errors="0" skipped="0" tests="6" name="club.mrxiao.baidu.api.BaiduTraceServiceTest">
  <properties>
[...]
</properties>
  <testcase time="0.345" classname="club.mrxiao.baidu.api.BaiduTraceServiceTest" name="trackAddPoints"/>
  <testcase time="0.062" classname="club.mrxiao.baidu.api.BaiduTraceServiceTest" name="entityList"/>
  <testcase time="0.049" classname="club.mrxiao.baidu.api.BaiduTraceServiceTest" name="entityAdd"/>
  <testcase time="0.062" classname="club.mrxiao.baidu.api.BaiduTraceServiceTest" name="entityDelete"/>
  <testcase time="0.048" classname="club.mrxiao.baidu.api.BaiduTraceServiceTest" name="trackAddPoint"/>
  <testcase time="0.047" classname="club.mrxiao.baidu.api.BaiduTraceServiceTest" name="entityUpdate"/>
</testsuite>